<?xml version="1.0" encoding="UTF-8"?>
<!-- Generated by org.testng.reporters.JUnitReportReporter -->
<testsuite hostname="Manju12Yadav" failures="0" tests="1" name="com.logicalPrgms.Fibbonacci" time="47.102" errors="0" timestamp="2023-05-30T13:08:19 IST" skipped="0">
  <testcase classname="com.logicalPrgms.Fibbonacci" name="chrome" time="47.102"/>
  <system-out/>
</testsuite> <!-- com.logicalPrgms.Fibbonacci -->
