<?xml version="1.0" encoding="UTF-8"?>
<!-- Generated by org.testng.reporters.JUnitReportReporter -->
<testsuite hostname="Manju12Yadav" failures="0" tests="1" name="com.advanced.AutomateFlipkart" time="59.202" errors="0" timestamp="2023-06-11T14:14:49 IST" skipped="0">
  <testcase classname="com.advanced.AutomateFlipkart" name="phonePrices" time="59.202"/>
  <system-out/>
</testsuite> <!-- com.advanced.AutomateFlipkart -->
