<?xml version="1.0" encoding="UTF-8"?>
<!-- Generated by org.testng.reporters.JUnitReportReporter -->
<testsuite hostname="Manju12Yadav" failures="0" tests="1" name="com.mock.PrintDeselected" time="45.779" errors="0" timestamp="2023-04-14T16:12:43 IST" skipped="0">
  <testcase classname="com.mock.PrintDeselected" name="deSelectedOpt" time="45.779"/>
  <system-out/>
</testsuite> <!-- com.mock.PrintDeselected -->
