<?xml version="1.0" encoding="UTF-8"?>
<!-- Generated by org.testng.reporters.JUnitReportReporter -->
<testsuite hostname="Manju12Yadav" failures="0" tests="1" name="com.logicalPrgms.Anagram" time="0.012" errors="0" timestamp="2023-06-04T13:13:38 IST" skipped="0">
  <testcase classname="com.logicalPrgms.Anagram" name="palindrome" time="0.012"/>
  <system-out/>
</testsuite> <!-- com.logicalPrgms.Anagram -->
