<?xml version="1.0" encoding="UTF-8"?>
<!-- Generated by org.testng.reporters.JUnitReportReporter -->
<testsuite hostname="Manju12Yadav" failures="0" tests="1" name="com.strings.OccuranceOfEachWordsInString" time="0.014" errors="0" timestamp="2023-06-05T16:18:11 IST" skipped="0">
  <testcase classname="com.strings.OccuranceOfEachWordsInString" name="usingMap" time="0.014"/>
  <system-out/>
</testsuite> <!-- com.strings.OccuranceOfEachWordsInString -->
