<?xml version="1.0" encoding="UTF-8"?>
<!-- Generated by org.testng.reporters.JUnitReportReporter -->
<testsuite hostname="Manju12Yadav" failures="0" tests="1" name="com.strings.OccuranceOfEachWordsInString" time="0.016" errors="0" timestamp="2023-05-29T16:26:14 IST" skipped="0">
  <testcase classname="com.strings.OccuranceOfEachWordsInString" name="usingMap" time="0.016"/>
  <system-out/>
</testsuite> <!-- com.strings.OccuranceOfEachWordsInString -->
