<?xml version="1.0" encoding="UTF-8"?>
<!-- Generated by org.testng.reporters.JUnitReportReporter -->
<testsuite hostname="Manju12Yadav" failures="0" tests="1" name="com.automate.IccCricket" time="72.730" errors="0" timestamp="2023-06-27T10:13:41 IST" skipped="0">
  <testcase classname="com.automate.IccCricket" name="iccCrik" time="72.730"/>
  <system-out/>
</testsuite> <!-- com.automate.IccCricket -->
