<?xml version="1.0" encoding="UTF-8"?>
<!-- Generated by org.testng.reporters.JUnitReportReporter -->
<testsuite hostname="Manju12Yadav" failures="0" tests="1" name="com.interviewChallenges.HappiestMindScenario" time="13.528" errors="0" timestamp="2023-06-26T15:21:50 IST" skipped="0">
  <testcase classname="com.interviewChallenges.HappiestMindScenario" name="googleSearch" time="13.528"/>
  <system-out/>
</testsuite> <!-- com.interviewChallenges.HappiestMindScenario -->
