<?xml version="1.0" encoding="UTF-8"?>
<!-- Generated by org.testng.reporters.JUnitReportReporter -->
<testsuite hostname="Manju12Yadav" failures="0" tests="2" name="com.logicalPrgms.StringOperations" time="0.013" errors="0" timestamp="2023-06-01T16:13:56 IST" skipped="0">
  <testcase classname="com.logicalPrgms.StringOperations" name="pattern" time="0.003"/>
  <system-out/>
  <testcase classname="com.logicalPrgms.StringOperations" name="countChar" time="0.010"/>
  <system-out/>
</testsuite> <!-- com.logicalPrgms.StringOperations -->
