<?xml version="1.0" encoding="UTF-8"?>
<!-- Generated by org.testng.reporters.JUnitReportReporter -->
<testsuite hostname="Manju12Yadav" failures="0" tests="1" name="com.automate.FlipkartMobilePrice" time="53.350" errors="0" timestamp="2023-06-26T21:35:13 IST" skipped="0">
  <testcase classname="com.automate.FlipkartMobilePrice" name="phonePrices" time="53.350"/>
  <system-out/>
</testsuite> <!-- com.automate.FlipkartMobilePrice -->
