<?xml version="1.0" encoding="UTF-8"?>
<!-- Generated by org.testng.reporters.JUnitReportReporter -->
<testsuite hostname="Manju12Yadav" failures="0" tests="1" name="com.automate.KayakBooking" time="35.380" errors="0" timestamp="2023-06-27T10:39:08 IST" skipped="0">
  <testcase classname="com.automate.KayakBooking" name="kayak" time="35.380"/>
  <system-out/>
</testsuite> <!-- com.automate.KayakBooking -->
