<?xml version="1.0" encoding="UTF-8"?>
<!-- Generated by org.testng.reporters.JUnitReportReporter -->
<testsuite hostname="Manju12Yadav" failures="0" tests="1" name="com.strings.CountNoOfDuplicatesInString" time="0.011" errors="0" timestamp="2023-06-01T15:49:06 IST" skipped="0">
  <testcase classname="com.strings.CountNoOfDuplicatesInString" name="countAlph" time="0.011"/>
  <system-out/>
</testsuite> <!-- com.strings.CountNoOfDuplicatesInString -->
