<?xml version="1.0" encoding="UTF-8"?>
<!-- Generated by org.testng.reporters.JUnitReportReporter -->
<testsuite hostname="Manju12Yadav" failures="0" tests="1" name="com.advanced.RedBus" time="62.269" errors="0" timestamp="2023-04-12T16:00:35 IST" skipped="0">
  <testcase classname="com.advanced.RedBus" name="busTickets" time="62.269"/>
  <system-out/>
</testsuite> <!-- com.advanced.RedBus -->
