<?xml version="1.0" encoding="UTF-8"?>
<!-- Generated by org.testng.reporters.JUnitReportReporter -->
<testsuite hostname="Manju12Yadav" failures="0" tests="1" name="com.interviewChallenges.Mobile" time="9.179" errors="0" timestamp="2023-06-19T15:33:35 IST" skipped="0">
  <testcase classname="com.interviewChallenges.Mobile" name="phonePrices" time="9.179"/>
  <system-out/>
</testsuite> <!-- com.interviewChallenges.Mobile -->
