<?xml version="1.0" encoding="UTF-8"?>
<!-- Generated by org.testng.reporters.JUnitReportReporter -->
<testsuite hostname="Manju12Yadav" failures="0" tests="1" name="com.interviewChallenges.Cosmocode" time="11.766" errors="0" timestamp="2023-06-14T13:31:52 IST" skipped="0">
  <testcase classname="com.interviewChallenges.Cosmocode" name="cosmo" time="11.766"/>
  <system-out/>
</testsuite> <!-- com.interviewChallenges.Cosmocode -->
