<?xml version="1.0" encoding="UTF-8"?>
<!-- Generated by org.testng.reporters.JUnitReportReporter -->
<testsuite hostname="Manju12Yadav" failures="0" tests="1" name="com.mock.ICCt20" time="9.242" errors="0" timestamp="2023-05-23T17:43:28 IST" skipped="0">
  <testcase classname="com.mock.ICCt20" name="icct20" time="9.242"/>
  <system-out/>
</testsuite> <!-- com.mock.ICCt20 -->
