<?xml version="1.0" encoding="UTF-8"?>
<!-- Generated by org.testng.reporters.JUnitReportReporter -->
<testsuite hostname="Manju12Yadav" failures="0" tests="1" name="com.interviewChallenges.TyChallenges51to60" time="0.012" errors="0" timestamp="2023-06-28T11:22:55 IST" skipped="0">
  <testcase classname="com.interviewChallenges.TyChallenges51to60" name="p52" time="0.012"/>
  <system-out/>
</testsuite> <!-- com.interviewChallenges.TyChallenges51to60 -->
