<?xml version="1.0" encoding="UTF-8"?>
<!-- Generated by org.testng.reporters.JUnitReportReporter -->
<testsuite hostname="Manju12Yadav" failures="0" tests="1" name="com.advanced.AmazonTvDetails" time="134.469" errors="0" timestamp="2023-04-12T17:02:37 IST" skipped="0">
  <testcase classname="com.advanced.AmazonTvDetails" name="tvDetails" time="134.469"/>
  <system-out/>
</testsuite> <!-- com.advanced.AmazonTvDetails -->
