<?xml version="1.0" encoding="UTF-8"?>
<!-- Generated by org.testng.reporters.JUnitReportReporter -->
<testsuite hostname="Manju12Yadav" failures="0" tests="3" name="com.patterns.PatternTy01" time="0.021" errors="0" timestamp="2023-05-17T16:31:50 IST" skipped="0">
  <testcase classname="com.patterns.PatternTy01" name="p3" time="0.006"/>
  <system-out/>
  <testcase classname="com.patterns.PatternTy01" name="p2" time="0.005"/>
  <system-out/>
  <testcase classname="com.patterns.PatternTy01" name="p1" time="0.010"/>
  <system-out/>
</testsuite> <!-- com.patterns.PatternTy01 -->
