<?xml version="1.0" encoding="UTF-8"?>
<!-- Generated by org.testng.reporters.JUnitReportReporter -->
<testsuite hostname="Manju12Yadav" failures="0" tests="1" name="com.logicalPrgms.SpecialOperations" time="5.441" errors="0" timestamp="2023-06-04T19:05:42 IST" skipped="0">
  <testcase classname="com.logicalPrgms.SpecialOperations" name="numToWord" time="5.441"/>
  <system-out/>
</testsuite> <!-- com.logicalPrgms.SpecialOperations -->
