<?xml version="1.0" encoding="UTF-8"?>
<!-- Generated by org.testng.reporters.JUnitReportReporter -->
<testsuite hostname="Manju12Yadav" failures="0" tests="1" name="com.advanced.ShadowRoot" time="4.142" errors="0" timestamp="2023-04-21T14:59:30 IST" skipped="0">
  <testcase classname="com.advanced.ShadowRoot" name="searchDownloads" time="4.142"/>
  <system-out/>
</testsuite> <!-- com.advanced.ShadowRoot -->
