<?xml version="1.0" encoding="UTF-8"?>
<!-- Generated by org.testng.reporters.JUnitReportReporter -->
<testsuite hostname="Manju12Yadav" failures="0" tests="1" name="com.advanced.AutomateFlipkart" time="52.531" errors="0" timestamp="2023-06-08T19:16:20 IST" skipped="0">
  <testcase classname="com.advanced.AutomateFlipkart" name="phonePrices" time="52.531"/>
  <system-out/>
</testsuite> <!-- com.advanced.AutomateFlipkart -->
