<?xml version="1.0" encoding="UTF-8"?>
<!-- Generated by org.testng.reporters.JUnitReportReporter -->
<testsuite hostname="Manju12Yadav" failures="0" tests="1" name="com.interviewChallenges.TyChallenges41to50" time="0.016" errors="0" timestamp="2023-06-27T10:33:17 IST" skipped="0">
  <testcase classname="com.interviewChallenges.TyChallenges41to50" name="p50" time="0.016"/>
  <system-out/>
</testsuite> <!-- com.interviewChallenges.TyChallenges41to50 -->
