<?xml version="1.0" encoding="UTF-8"?>
<!-- Generated by org.testng.reporters.JUnitReportReporter -->
<testsuite hostname="Manju12Yadav" failures="0" tests="1" name="com.logicalPrgms.Fibbonacci" time="0.012" errors="0" timestamp="2023-06-27T19:53:48 IST" skipped="0">
  <testcase classname="com.logicalPrgms.Fibbonacci" name="fibosries" time="0.012"/>
  <system-out/>
</testsuite> <!-- com.logicalPrgms.Fibbonacci -->
