<?xml version="1.0" encoding="UTF-8"?>
<!-- Generated by org.testng.reporters.JUnitReportReporter -->
<testsuite hostname="Manju12Yadav" failures="0" tests="1" name="com.advanced.ThreeTabs" time="8.623" errors="0" timestamp="2023-06-06T10:36:10 IST" skipped="0">
  <testcase classname="com.advanced.ThreeTabs" name="threeTabs" time="8.623"/>
  <system-out/>
</testsuite> <!-- com.advanced.ThreeTabs -->
