<?xml version="1.0" encoding="UTF-8"?>
<!-- Generated by org.testng.reporters.JUnitReportReporter -->
<testsuite hostname="Manju12Yadav" failures="0" tests="1" name="com.logicalPrgms.PrintOnlyNumInString" time="0.014" errors="0" timestamp="2023-05-22T21:33:35 IST" skipped="0">
  <testcase classname="com.logicalPrgms.PrintOnlyNumInString" name="printNum" time="0.014"/>
  <system-out/>
</testsuite> <!-- com.logicalPrgms.PrintOnlyNumInString -->
