<?xml version="1.0" encoding="UTF-8"?>
<!-- Generated by org.testng.reporters.JUnitReportReporter -->
<testsuite hostname="Manju12Yadav" failures="0" tests="1" name="com.advanced.BrokenLinks" time="141.140" errors="0" timestamp="2023-04-19T09:48:32 IST" skipped="0">
  <testcase classname="com.advanced.BrokenLinks" name="test" time="141.140"/>
  <system-out/>
</testsuite> <!-- com.advanced.BrokenLinks -->
