<?xml version="1.0" encoding="UTF-8"?>
<!-- Generated by org.testng.reporters.JUnitReportReporter -->
<testsuite hostname="Manju12Yadav" failures="0" tests="1" name="com.logicalPrgms.Character" time="0.014" errors="0" timestamp="2023-06-01T12:24:00 IST" skipped="0">
  <testcase classname="com.logicalPrgms.Character" name="swap" time="0.014"/>
  <system-out/>
</testsuite> <!-- com.logicalPrgms.Character -->
