<?xml version="1.0" encoding="UTF-8"?>
<!-- Generated by org.testng.reporters.JUnitReportReporter -->
<testsuite hostname="Manju12Yadav" failures="0" tests="1" name="com.advanced.GridPractice" time="7.848" errors="0" timestamp="2023-04-19T13:12:42 IST" skipped="0">
  <testcase classname="com.advanced.GridPractice" name="gridTest" time="7.848"/>
  <system-out/>
</testsuite> <!-- com.advanced.GridPractice -->
