<?xml version="1.0" encoding="UTF-8"?>
<!-- Generated by org.testng.reporters.JUnitReportReporter -->
<testsuite hostname="Manju12Yadav" failures="0" tests="1" name="com.patterns.InterviewPattern" time="0.011" errors="0" timestamp="2023-06-07T15:57:51 IST" skipped="0">
  <testcase classname="com.patterns.InterviewPattern" name="p7" time="0.011"/>
  <system-out/>
</testsuite> <!-- com.patterns.InterviewPattern -->
