<?xml version="1.0" encoding="UTF-8"?>
<!-- Generated by org.testng.reporters.JUnitReportReporter -->
<testsuite hostname="Manju12Yadav" failures="0" tests="1" name="PrintDeselected" time="3.434" errors="0" timestamp="2023-04-08T16:22:33 IST" skipped="0">
  <testcase classname="PrintDeselected" name="deSelectedOpt" time="3.434"/>
  <system-out/>
</testsuite> <!-- PrintDeselected -->
