<?xml version="1.0" encoding="UTF-8"?>
<!-- Generated by org.testng.reporters.JUnitReportReporter -->
<testsuite hostname="Manju12Yadav" failures="0" tests="1" name="com.logicalPrgms.ArraysPrgm" time="0.013" errors="0" timestamp="2023-06-01T11:09:50 IST" skipped="0">
  <testcase classname="com.logicalPrgms.ArraysPrgm" name="arraySum" time="0.013"/>
  <system-out/>
</testsuite> <!-- com.logicalPrgms.ArraysPrgm -->
