<?xml version="1.0" encoding="UTF-8"?>
<!-- Generated by org.testng.reporters.JUnitReportReporter -->
<testsuite hostname="Manju12Yadav" failures="0" tests="1" name="com.patterns.MockPattern" time="0.018" errors="0" timestamp="2023-06-07T16:03:28 IST" skipped="0">
  <testcase classname="com.patterns.MockPattern" name="p1" time="0.018"/>
  <system-out/>
</testsuite> <!-- com.patterns.MockPattern -->
