<?xml version="1.0" encoding="UTF-8"?>
<!-- Generated by org.testng.reporters.JUnitReportReporter -->
<testsuite hostname="Manju12Yadav" failures="0" tests="1" name="com.logicalPrgms.PrimeNum" time="0.019" errors="0" timestamp="2023-06-03T16:07:48 IST" skipped="0">
  <testcase classname="com.logicalPrgms.PrimeNum" name="range" time="0.019"/>
  <system-out/>
</testsuite> <!-- com.logicalPrgms.PrimeNum -->
