<?xml version="1.0" encoding="UTF-8"?>
<!-- Generated by org.testng.reporters.JUnitReportReporter -->
<testsuite hostname="Manju12Yadav" failures="0" tests="1" name="com.advanced.FlipkartMobilePrice" time="13.105" errors="0" timestamp="2023-06-15T10:06:46 IST" skipped="0">
  <testcase classname="com.advanced.FlipkartMobilePrice" name="phonePrices" time="13.105"/>
  <system-out/>
</testsuite> <!-- com.advanced.FlipkartMobilePrice -->
