<?xml version="1.0" encoding="UTF-8"?>
<!-- Generated by org.testng.reporters.JUnitReportReporter -->
<testsuite hostname="Manju12Yadav" failures="0" tests="1" name="com.interviewChallenges.TyChallenges11to20" time="0.015" errors="0" timestamp="2023-06-27T17:42:00 IST" skipped="0">
  <testcase classname="com.interviewChallenges.TyChallenges11to20" name="p13" time="0.015"/>
  <system-out/>
</testsuite> <!-- com.interviewChallenges.TyChallenges11to20 -->
