<?xml version="1.0" encoding="UTF-8"?>
<!-- Generated by org.testng.reporters.JUnitReportReporter -->
<testsuite hostname="Manju12Yadav" failures="0" tests="1" name="com.logicalPrgms.ArmStrong" time="0.012" errors="0" timestamp="2023-06-27T20:01:06 IST" skipped="0">
  <testcase classname="com.logicalPrgms.ArmStrong" name="arm" time="0.012"/>
  <system-out/>
</testsuite> <!-- com.logicalPrgms.ArmStrong -->
