<?xml version="1.0" encoding="UTF-8"?>
<!-- Generated by org.testng.reporters.JUnitReportReporter -->
<testsuite hostname="Manju12Yadav" failures="0" tests="1" name="com.logicalPrgms.Character" time="0.011" errors="0" timestamp="2023-06-05T15:13:54 IST" skipped="0">
  <testcase classname="com.logicalPrgms.Character" name="swap" time="0.011"/>
  <system-out/>
</testsuite> <!-- com.logicalPrgms.Character -->
